<?xml version="1.0" encoding="UTF-8"?>
<testsuite name="SubtractionServiceImplTest" tests="4" skipped="0" failures="0" errors="0" timestamp="2020-02-14T09:16:28" hostname="DESKTOP-473A5QG" time="0.607">
  <properties/>
  <testcase name="testThatSubtractionWithNegativeResultWorks()" classname="SubtractionServiceImplTest" time="0.595"/>
  <testcase name="testThatSubtractionWithNegativeSubtrahendWorks()" classname="SubtractionServiceImplTest" time="0.001"/>
  <testcase name="testThatSubtractionWithNegativeMinuendWorks()" classname="SubtractionServiceImplTest" time="0.004"/>
  <testcase name="testThatNormalSubtractionWorks()" classname="SubtractionServiceImplTest" time="0.001"/>
  <system-out><![CDATA[]]></system-out>
  <system-err><![CDATA[]]></system-err>
</testsuite>
