<?xml version="1.0" encoding="UTF-8"?>
<testsuite name="AdditionIntegrationTest" tests="1" skipped="0" failures="0" errors="0" timestamp="2020-02-13T15:02:37" hostname="DESKTOP-473A5QG" time="0.032">
  <properties/>
  <testcase name="testThatNormalSumWorks()" classname="AdditionIntegrationTest" time="0.032"/>
  <system-out><![CDATA[]]></system-out>
  <system-err><![CDATA[]]></system-err>
</testsuite>
