<?xml version="1.0" encoding="UTF-8"?>
<testsuite name="SubtractionServiceImplTest" tests="1" skipped="0" failures="0" errors="0" timestamp="2020-02-13T15:02:40" hostname="DESKTOP-473A5QG" time="0.001">
  <properties/>
  <testcase name="testThatNormalSubtractionWorks()" classname="SubtractionServiceImplTest" time="0.001"/>
  <system-out><![CDATA[]]></system-out>
  <system-err><![CDATA[]]></system-err>
</testsuite>
