<?xml version="1.0" encoding="UTF-8"?>
<testsuite name="MultiplicationServiceImplTest" tests="1" skipped="0" failures="0" errors="0" timestamp="2020-02-13T15:02:40" hostname="DESKTOP-473A5QG" time="0.012">
  <properties/>
  <testcase name="testThatNegativeProductWorks()" classname="MultiplicationServiceImplTest" time="0.012"/>
  <system-out><![CDATA[]]></system-out>
  <system-err><![CDATA[]]></system-err>
</testsuite>
